############################################################################# 
2023-09-27 11:29:19,328 __main__ 0/4 INFO :: Computing Stability for Pr=1.000e+00, nz = 32
2023-09-27 11:29:19,329 problems 0/4 INFO :: Solving EVP with homogeneity tolerance of 1.000e-10
2023-09-27 11:29:19,338 problems 0/4 INFO :: Solving EVP with homogeneity tolerance of 1.000e-10
2023-09-27 11:29:19,347 criticalfinder 0/4 INFO :: Solving Local EVP 1/100
2023-09-27 11:29:19,518 criticalfinder 0/4 INFO :: Solving Local EVP 2/100
2023-09-27 11:29:19,693 criticalfinder 0/4 INFO :: Solving Local EVP 3/100
2023-09-27 11:29:19,857 criticalfinder 0/4 INFO :: Solving Local EVP 4/100
2023-09-27 11:29:20,030 criticalfinder 0/4 INFO :: Solving Local EVP 5/100
2023-09-27 11:29:20,196 criticalfinder 0/4 INFO :: Solving Local EVP 6/100
2023-09-27 11:29:20,365 criticalfinder 0/4 INFO :: Solving Local EVP 7/100
2023-09-27 11:29:20,554 criticalfinder 0/4 INFO :: Solving Local EVP 8/100
2023-09-27 11:29:20,723 criticalfinder 0/4 INFO :: Solving Local EVP 9/100
2023-09-27 11:29:20,907 criticalfinder 0/4 INFO :: Solving Local EVP 10/100
2023-09-27 11:29:21,080 criticalfinder 0/4 INFO :: Solving Local EVP 11/100
2023-09-27 11:29:21,255 criticalfinder 0/4 INFO :: Solving Local EVP 12/100
2023-09-27 11:29:21,427 criticalfinder 0/4 INFO :: Solving Local EVP 13/100
2023-09-27 11:29:21,619 criticalfinder 0/4 INFO :: Solving Local EVP 14/100
2023-09-27 11:29:21,851 criticalfinder 0/4 INFO :: Solving Local EVP 15/100
2023-09-27 11:29:22,025 criticalfinder 0/4 INFO :: Solving Local EVP 16/100
2023-09-27 11:29:22,197 criticalfinder 0/4 INFO :: Solving Local EVP 17/100
2023-09-27 11:29:22,391 criticalfinder 0/4 INFO :: Solving Local EVP 18/100
2023-09-27 11:29:22,587 criticalfinder 0/4 INFO :: Solving Local EVP 19/100
2023-09-27 11:29:22,784 criticalfinder 0/4 INFO :: Solving Local EVP 20/100
2023-09-27 11:29:22,958 criticalfinder 0/4 INFO :: Solving Local EVP 21/100
2023-09-27 11:29:23,125 criticalfinder 0/4 INFO :: Solving Local EVP 22/100
2023-09-27 11:29:23,303 criticalfinder 0/4 INFO :: Solving Local EVP 23/100
2023-09-27 11:29:23,481 criticalfinder 0/4 INFO :: Solving Local EVP 24/100
2023-09-27 11:29:23,651 criticalfinder 0/4 INFO :: Solving Local EVP 25/100
2023-09-27 11:29:23,821 criticalfinder 0/4 INFO :: Solving Local EVP 26/100
2023-09-27 11:29:23,989 criticalfinder 0/4 INFO :: Solving Local EVP 27/100
2023-09-27 11:29:24,187 criticalfinder 0/4 INFO :: Solving Local EVP 28/100
2023-09-27 11:29:24,357 criticalfinder 0/4 INFO :: Solving Local EVP 29/100
2023-09-27 11:29:24,536 criticalfinder 0/4 INFO :: Solving Local EVP 30/100
2023-09-27 11:29:24,708 criticalfinder 0/4 INFO :: Solving Local EVP 31/100
2023-09-27 11:29:24,885 criticalfinder 0/4 INFO :: Solving Local EVP 32/100
2023-09-27 11:29:25,065 criticalfinder 0/4 INFO :: Solving Local EVP 33/100
2023-09-27 11:29:25,257 criticalfinder 0/4 INFO :: Solving Local EVP 34/100
2023-09-27 11:29:25,454 criticalfinder 0/4 INFO :: Solving Local EVP 35/100
2023-09-27 11:29:25,627 criticalfinder 0/4 INFO :: Solving Local EVP 36/100
2023-09-27 11:29:25,808 criticalfinder 0/4 INFO :: Solving Local EVP 37/100
2023-09-27 11:29:26,004 criticalfinder 0/4 INFO :: Solving Local EVP 38/100
2023-09-27 11:29:26,205 criticalfinder 0/4 INFO :: Solving Local EVP 39/100
2023-09-27 11:29:26,415 criticalfinder 0/4 INFO :: Solving Local EVP 40/100
2023-09-27 11:29:26,594 criticalfinder 0/4 INFO :: Solving Local EVP 41/100
2023-09-27 11:29:26,764 criticalfinder 0/4 INFO :: Solving Local EVP 42/100
2023-09-27 11:29:26,935 criticalfinder 0/4 INFO :: Solving Local EVP 43/100
2023-09-27 11:29:27,119 criticalfinder 0/4 INFO :: Solving Local EVP 44/100
2023-09-27 11:29:27,291 criticalfinder 0/4 INFO :: Solving Local EVP 45/100
2023-09-27 11:29:27,473 criticalfinder 0/4 INFO :: Solving Local EVP 46/100
2023-09-27 11:29:27,655 criticalfinder 0/4 INFO :: Solving Local EVP 47/100
2023-09-27 11:29:27,860 criticalfinder 0/4 INFO :: Solving Local EVP 48/100
2023-09-27 11:29:28,033 criticalfinder 0/4 INFO :: Solving Local EVP 49/100
2023-09-27 11:29:28,213 criticalfinder 0/4 INFO :: Solving Local EVP 50/100
2023-09-27 11:29:28,392 criticalfinder 0/4 INFO :: Solving Local EVP 51/100
2023-09-27 11:29:28,587 criticalfinder 0/4 INFO :: Solving Local EVP 52/100
2023-09-27 11:29:28,762 criticalfinder 0/4 INFO :: Solving Local EVP 53/100
2023-09-27 11:29:28,969 criticalfinder 0/4 INFO :: Solving Local EVP 54/100
2023-09-27 11:29:29,180 criticalfinder 0/4 INFO :: Solving Local EVP 55/100
2023-09-27 11:29:29,360 criticalfinder 0/4 INFO :: Solving Local EVP 56/100
2023-09-27 11:29:29,539 criticalfinder 0/4 INFO :: Solving Local EVP 57/100
2023-09-27 11:29:29,729 criticalfinder 0/4 INFO :: Solving Local EVP 58/100
2023-09-27 11:29:29,926 criticalfinder 0/4 INFO :: Solving Local EVP 59/100
2023-09-27 11:29:30,136 criticalfinder 0/4 INFO :: Solving Local EVP 60/100
2023-09-27 11:29:30,302 criticalfinder 0/4 INFO :: Solving Local EVP 61/100
2023-09-27 11:29:30,477 criticalfinder 0/4 INFO :: Solving Local EVP 62/100
2023-09-27 11:29:30,652 criticalfinder 0/4 INFO :: Solving Local EVP 63/100
2023-09-27 11:29:30,837 criticalfinder 0/4 INFO :: Solving Local EVP 64/100
2023-09-27 11:29:31,009 criticalfinder 0/4 INFO :: Solving Local EVP 65/100
2023-09-27 11:29:31,192 criticalfinder 0/4 INFO :: Solving Local EVP 66/100
2023-09-27 11:29:31,361 criticalfinder 0/4 INFO :: Solving Local EVP 67/100
2023-09-27 11:29:31,561 criticalfinder 0/4 INFO :: Solving Local EVP 68/100
2023-09-27 11:29:31,737 criticalfinder 0/4 INFO :: Solving Local EVP 69/100
2023-09-27 11:29:31,912 criticalfinder 0/4 INFO :: Solving Local EVP 70/100
2023-09-27 11:29:32,083 criticalfinder 0/4 INFO :: Solving Local EVP 71/100
2023-09-27 11:29:32,269 criticalfinder 0/4 INFO :: Solving Local EVP 72/100
2023-09-27 11:29:32,450 criticalfinder 0/4 INFO :: Solving Local EVP 73/100
2023-09-27 11:29:32,652 criticalfinder 0/4 INFO :: Solving Local EVP 74/100
2023-09-27 11:29:32,857 criticalfinder 0/4 INFO :: Solving Local EVP 75/100
2023-09-27 11:29:33,035 criticalfinder 0/4 INFO :: Solving Local EVP 76/100
2023-09-27 11:29:33,203 criticalfinder 0/4 INFO :: Solving Local EVP 77/100
2023-09-27 11:29:33,412 criticalfinder 0/4 INFO :: Solving Local EVP 78/100
2023-09-27 11:29:33,609 criticalfinder 0/4 INFO :: Solving Local EVP 79/100
2023-09-27 11:29:33,810 criticalfinder 0/4 INFO :: Solving Local EVP 80/100
2023-09-27 11:29:33,986 criticalfinder 0/4 INFO :: Solving Local EVP 81/100
2023-09-27 11:29:34,154 criticalfinder 0/4 INFO :: Solving Local EVP 82/100
2023-09-27 11:29:34,333 criticalfinder 0/4 INFO :: Solving Local EVP 83/100
2023-09-27 11:29:34,540 criticalfinder 0/4 INFO :: Solving Local EVP 84/100
2023-09-27 11:29:34,720 criticalfinder 0/4 INFO :: Solving Local EVP 85/100
2023-09-27 11:29:34,898 criticalfinder 0/4 INFO :: Solving Local EVP 86/100
2023-09-27 11:29:35,078 criticalfinder 0/4 INFO :: Solving Local EVP 87/100
2023-09-27 11:29:35,263 criticalfinder 0/4 INFO :: Solving Local EVP 88/100
2023-09-27 11:29:35,438 criticalfinder 0/4 INFO :: Solving Local EVP 89/100
2023-09-27 11:29:35,618 criticalfinder 0/4 INFO :: Solving Local EVP 90/100
2023-09-27 11:29:35,800 criticalfinder 0/4 INFO :: Solving Local EVP 91/100
2023-09-27 11:29:35,983 criticalfinder 0/4 INFO :: Solving Local EVP 92/100
2023-09-27 11:29:36,163 criticalfinder 0/4 INFO :: Solving Local EVP 93/100
2023-09-27 11:29:36,354 criticalfinder 0/4 INFO :: Solving Local EVP 94/100
2023-09-27 11:29:36,551 criticalfinder 0/4 INFO :: Solving Local EVP 95/100
2023-09-27 11:29:36,723 criticalfinder 0/4 INFO :: Solving Local EVP 96/100
2023-09-27 11:29:36,892 criticalfinder 0/4 INFO :: Solving Local EVP 97/100
2023-09-27 11:29:37,080 criticalfinder 0/4 INFO :: Solving Local EVP 98/100
2023-09-27 11:29:37,270 criticalfinder 0/4 INFO :: Solving Local EVP 99/100
2023-09-27 11:29:37,473 criticalfinder 0/4 INFO :: Solving Local EVP 100/100
crits =  (3.1164035032987356, 1707.265850298567, 2.1439473241392818e-13)
2023-09-27 11:29:37,669 __main__ 0/4 INFO :: Pr = 1.000000e+00: Critical RaT = 1707.27, kx = 3.11640
############################################################################# 
############################################################################# 
2023-09-27 11:47:03,669 __main__ 0/4 INFO :: Computing Stability for Pr=1.000e+00, nz = 32
2023-09-27 11:47:03,670 problems 0/4 INFO :: Solving EVP with homogeneity tolerance of 1.000e-10
2023-09-27 11:47:03,680 problems 0/4 INFO :: Solving EVP with homogeneity tolerance of 1.000e-10
2023-09-27 11:47:03,690 criticalfinder 0/4 INFO :: Solving Local EVP 1/100
2023-09-27 11:47:03,881 criticalfinder 0/4 INFO :: Solving Local EVP 2/100
2023-09-27 11:47:04,061 criticalfinder 0/4 INFO :: Solving Local EVP 3/100
2023-09-27 11:47:04,230 criticalfinder 0/4 INFO :: Solving Local EVP 4/100
2023-09-27 11:47:04,396 criticalfinder 0/4 INFO :: Solving Local EVP 5/100
2023-09-27 11:47:04,560 criticalfinder 0/4 INFO :: Solving Local EVP 6/100
2023-09-27 11:47:04,725 criticalfinder 0/4 INFO :: Solving Local EVP 7/100
2023-09-27 11:47:04,925 criticalfinder 0/4 INFO :: Solving Local EVP 8/100
2023-09-27 11:47:05,091 criticalfinder 0/4 INFO :: Solving Local EVP 9/100
2023-09-27 11:47:05,255 criticalfinder 0/4 INFO :: Solving Local EVP 10/100
2023-09-27 11:47:05,423 criticalfinder 0/4 INFO :: Solving Local EVP 11/100
2023-09-27 11:47:05,584 criticalfinder 0/4 INFO :: Solving Local EVP 12/100
2023-09-27 11:47:05,749 criticalfinder 0/4 INFO :: Solving Local EVP 13/100
2023-09-27 11:47:05,934 criticalfinder 0/4 INFO :: Solving Local EVP 14/100
2023-09-27 11:47:06,123 criticalfinder 0/4 INFO :: Solving Local EVP 15/100
2023-09-27 11:47:06,286 criticalfinder 0/4 INFO :: Solving Local EVP 16/100
2023-09-27 11:47:06,452 criticalfinder 0/4 INFO :: Solving Local EVP 17/100
2023-09-27 11:47:06,639 criticalfinder 0/4 INFO :: Solving Local EVP 18/100
2023-09-27 11:47:06,826 criticalfinder 0/4 INFO :: Solving Local EVP 19/100
2023-09-27 11:47:07,014 criticalfinder 0/4 INFO :: Solving Local EVP 20/100
2023-09-27 11:47:07,182 criticalfinder 0/4 INFO :: Solving Local EVP 21/100
2023-09-27 11:47:07,346 criticalfinder 0/4 INFO :: Solving Local EVP 22/100
2023-09-27 11:47:07,517 criticalfinder 0/4 INFO :: Solving Local EVP 23/100
2023-09-27 11:47:07,686 criticalfinder 0/4 INFO :: Solving Local EVP 24/100
2023-09-27 11:47:07,862 criticalfinder 0/4 INFO :: Solving Local EVP 25/100
2023-09-27 11:47:08,031 criticalfinder 0/4 INFO :: Solving Local EVP 26/100
2023-09-27 11:47:08,198 criticalfinder 0/4 INFO :: Solving Local EVP 27/100
2023-09-27 11:47:08,387 criticalfinder 0/4 INFO :: Solving Local EVP 28/100
2023-09-27 11:47:08,556 criticalfinder 0/4 INFO :: Solving Local EVP 29/100
2023-09-27 11:47:08,727 criticalfinder 0/4 INFO :: Solving Local EVP 30/100
2023-09-27 11:47:08,901 criticalfinder 0/4 INFO :: Solving Local EVP 31/100
2023-09-27 11:47:09,077 criticalfinder 0/4 INFO :: Solving Local EVP 32/100
2023-09-27 11:47:09,250 criticalfinder 0/4 INFO :: Solving Local EVP 33/100
2023-09-27 11:47:09,437 criticalfinder 0/4 INFO :: Solving Local EVP 34/100
2023-09-27 11:47:09,631 criticalfinder 0/4 INFO :: Solving Local EVP 35/100
2023-09-27 11:47:09,795 criticalfinder 0/4 INFO :: Solving Local EVP 36/100
2023-09-27 11:47:09,962 criticalfinder 0/4 INFO :: Solving Local EVP 37/100
2023-09-27 11:47:10,149 criticalfinder 0/4 INFO :: Solving Local EVP 38/100
2023-09-27 11:47:10,339 criticalfinder 0/4 INFO :: Solving Local EVP 39/100
2023-09-27 11:47:10,533 criticalfinder 0/4 INFO :: Solving Local EVP 40/100
2023-09-27 11:47:10,698 criticalfinder 0/4 INFO :: Solving Local EVP 41/100
2023-09-27 11:47:10,871 criticalfinder 0/4 INFO :: Solving Local EVP 42/100
2023-09-27 11:47:11,037 criticalfinder 0/4 INFO :: Solving Local EVP 43/100
2023-09-27 11:47:11,205 criticalfinder 0/4 INFO :: Solving Local EVP 44/100
2023-09-27 11:47:11,373 criticalfinder 0/4 INFO :: Solving Local EVP 45/100
2023-09-27 11:47:11,539 criticalfinder 0/4 INFO :: Solving Local EVP 46/100
2023-09-27 11:47:11,713 criticalfinder 0/4 INFO :: Solving Local EVP 47/100
2023-09-27 11:47:11,912 criticalfinder 0/4 INFO :: Solving Local EVP 48/100
2023-09-27 11:47:12,104 criticalfinder 0/4 INFO :: Solving Local EVP 49/100
2023-09-27 11:47:12,269 criticalfinder 0/4 INFO :: Solving Local EVP 50/100
2023-09-27 11:47:12,437 criticalfinder 0/4 INFO :: Solving Local EVP 51/100
2023-09-27 11:47:12,609 criticalfinder 0/4 INFO :: Solving Local EVP 52/100
2023-09-27 11:47:12,774 criticalfinder 0/4 INFO :: Solving Local EVP 53/100
2023-09-27 11:47:12,966 criticalfinder 0/4 INFO :: Solving Local EVP 54/100
2023-09-27 11:47:13,163 criticalfinder 0/4 INFO :: Solving Local EVP 55/100
2023-09-27 11:47:13,328 criticalfinder 0/4 INFO :: Solving Local EVP 56/100
2023-09-27 11:47:13,491 criticalfinder 0/4 INFO :: Solving Local EVP 57/100
2023-09-27 11:47:13,682 criticalfinder 0/4 INFO :: Solving Local EVP 58/100
2023-09-27 11:47:13,872 criticalfinder 0/4 INFO :: Solving Local EVP 59/100
2023-09-27 11:47:14,069 criticalfinder 0/4 INFO :: Solving Local EVP 60/100
2023-09-27 11:47:14,233 criticalfinder 0/4 INFO :: Solving Local EVP 61/100
2023-09-27 11:47:14,402 criticalfinder 0/4 INFO :: Solving Local EVP 62/100
2023-09-27 11:47:14,569 criticalfinder 0/4 INFO :: Solving Local EVP 63/100
2023-09-27 11:47:14,735 criticalfinder 0/4 INFO :: Solving Local EVP 64/100
2023-09-27 11:47:14,906 criticalfinder 0/4 INFO :: Solving Local EVP 65/100
2023-09-27 11:47:15,074 criticalfinder 0/4 INFO :: Solving Local EVP 66/100
2023-09-27 11:47:15,258 criticalfinder 0/4 INFO :: Solving Local EVP 67/100
2023-09-27 11:47:15,446 criticalfinder 0/4 INFO :: Solving Local EVP 68/100
2023-09-27 11:47:15,613 criticalfinder 0/4 INFO :: Solving Local EVP 69/100
2023-09-27 11:47:15,781 criticalfinder 0/4 INFO :: Solving Local EVP 70/100
2023-09-27 11:47:15,952 criticalfinder 0/4 INFO :: Solving Local EVP 71/100
2023-09-27 11:47:16,116 criticalfinder 0/4 INFO :: Solving Local EVP 72/100
2023-09-27 11:47:16,286 criticalfinder 0/4 INFO :: Solving Local EVP 73/100
2023-09-27 11:47:16,480 criticalfinder 0/4 INFO :: Solving Local EVP 74/100
2023-09-27 11:47:16,683 criticalfinder 0/4 INFO :: Solving Local EVP 75/100
2023-09-27 11:47:16,867 criticalfinder 0/4 INFO :: Solving Local EVP 76/100
2023-09-27 11:47:17,045 criticalfinder 0/4 INFO :: Solving Local EVP 77/100
2023-09-27 11:47:17,240 criticalfinder 0/4 INFO :: Solving Local EVP 78/100
2023-09-27 11:47:17,435 criticalfinder 0/4 INFO :: Solving Local EVP 79/100
2023-09-27 11:47:17,669 criticalfinder 0/4 INFO :: Solving Local EVP 80/100
2023-09-27 11:47:17,862 criticalfinder 0/4 INFO :: Solving Local EVP 81/100
2023-09-27 11:47:18,054 criticalfinder 0/4 INFO :: Solving Local EVP 82/100
2023-09-27 11:47:18,246 criticalfinder 0/4 INFO :: Solving Local EVP 83/100
2023-09-27 11:47:18,436 criticalfinder 0/4 INFO :: Solving Local EVP 84/100
2023-09-27 11:47:18,624 criticalfinder 0/4 INFO :: Solving Local EVP 85/100
2023-09-27 11:47:18,804 criticalfinder 0/4 INFO :: Solving Local EVP 86/100
2023-09-27 11:47:18,974 criticalfinder 0/4 INFO :: Solving Local EVP 87/100
2023-09-27 11:47:19,171 criticalfinder 0/4 INFO :: Solving Local EVP 88/100
2023-09-27 11:47:19,347 criticalfinder 0/4 INFO :: Solving Local EVP 89/100
2023-09-27 11:47:19,520 criticalfinder 0/4 INFO :: Solving Local EVP 90/100
2023-09-27 11:47:19,688 criticalfinder 0/4 INFO :: Solving Local EVP 91/100
2023-09-27 11:47:19,855 criticalfinder 0/4 INFO :: Solving Local EVP 92/100
2023-09-27 11:47:20,021 criticalfinder 0/4 INFO :: Solving Local EVP 93/100
2023-09-27 11:47:20,215 criticalfinder 0/4 INFO :: Solving Local EVP 94/100
2023-09-27 11:47:20,433 criticalfinder 0/4 INFO :: Solving Local EVP 95/100
2023-09-27 11:47:20,620 criticalfinder 0/4 INFO :: Solving Local EVP 96/100
2023-09-27 11:47:20,790 criticalfinder 0/4 INFO :: Solving Local EVP 97/100
2023-09-27 11:47:20,982 criticalfinder 0/4 INFO :: Solving Local EVP 98/100
2023-09-27 11:47:21,177 criticalfinder 0/4 INFO :: Solving Local EVP 99/100
2023-09-27 11:47:21,370 criticalfinder 0/4 INFO :: Solving Local EVP 100/100
crits =  (3.1164035032987356, 1707.265850298567, 2.340557061193399e-13)
2023-09-27 11:47:21,580 __main__ 0/4 INFO :: Pr = 1.000000e+00: Critical RaT = 1707.27, kx = 3.11640
############################################################################# 
