############################################################################# 
2023-09-27 15:24:22,511 __main__ 0/4 INFO :: Computing Stability for Pr=1.000e+03, nz = 32
2023-09-27 15:24:22,514 problems 0/4 INFO :: Solving EVP with homogeneity tolerance of 1.000e-10
2023-09-27 15:24:22,524 problems 0/4 INFO :: Solving EVP with homogeneity tolerance of 1.000e-10
2023-09-27 15:24:22,535 criticalfinder 0/4 INFO :: Solving Local EVP 1/100
2023-09-27 15:24:22,726 criticalfinder 0/4 INFO :: Solving Local EVP 2/100
2023-09-27 15:24:22,886 criticalfinder 0/4 INFO :: Solving Local EVP 3/100
2023-09-27 15:24:23,048 criticalfinder 0/4 INFO :: Solving Local EVP 4/100
2023-09-27 15:24:23,223 criticalfinder 0/4 INFO :: Solving Local EVP 5/100
2023-09-27 15:24:23,392 criticalfinder 0/4 INFO :: Solving Local EVP 6/100
2023-09-27 15:24:23,574 criticalfinder 0/4 INFO :: Solving Local EVP 7/100
2023-09-27 15:24:23,753 criticalfinder 0/4 INFO :: Solving Local EVP 8/100
2023-09-27 15:24:23,920 criticalfinder 0/4 INFO :: Solving Local EVP 9/100
2023-09-27 15:24:24,080 criticalfinder 0/4 INFO :: Solving Local EVP 10/100
2023-09-27 15:24:24,244 criticalfinder 0/4 INFO :: Solving Local EVP 11/100
2023-09-27 15:24:24,407 criticalfinder 0/4 INFO :: Solving Local EVP 12/100
2023-09-27 15:24:24,586 criticalfinder 0/4 INFO :: Solving Local EVP 13/100
2023-09-27 15:24:24,744 criticalfinder 0/4 INFO :: Solving Local EVP 14/100
2023-09-27 15:24:24,923 criticalfinder 0/4 INFO :: Solving Local EVP 15/100
2023-09-27 15:24:25,101 criticalfinder 0/4 INFO :: Solving Local EVP 16/100
2023-09-27 15:24:25,263 criticalfinder 0/4 INFO :: Solving Local EVP 17/100
2023-09-27 15:24:25,428 criticalfinder 0/4 INFO :: Solving Local EVP 18/100
2023-09-27 15:24:25,588 criticalfinder 0/4 INFO :: Solving Local EVP 19/100
2023-09-27 15:24:25,763 criticalfinder 0/4 INFO :: Solving Local EVP 20/100
2023-09-27 15:24:25,948 criticalfinder 0/4 INFO :: Solving Local EVP 21/100
2023-09-27 15:24:26,130 criticalfinder 0/4 INFO :: Solving Local EVP 22/100
2023-09-27 15:24:26,290 criticalfinder 0/4 INFO :: Solving Local EVP 23/100
2023-09-27 15:24:26,454 criticalfinder 0/4 INFO :: Solving Local EVP 24/100
2023-09-27 15:24:26,614 criticalfinder 0/4 INFO :: Solving Local EVP 25/100
2023-09-27 15:24:26,789 criticalfinder 0/4 INFO :: Solving Local EVP 26/100
2023-09-27 15:24:26,976 criticalfinder 0/4 INFO :: Solving Local EVP 27/100
2023-09-27 15:24:27,155 criticalfinder 0/4 INFO :: Solving Local EVP 28/100
2023-09-27 15:24:27,324 criticalfinder 0/4 INFO :: Solving Local EVP 29/100
2023-09-27 15:24:27,488 criticalfinder 0/4 INFO :: Solving Local EVP 30/100
2023-09-27 15:24:27,656 criticalfinder 0/4 INFO :: Solving Local EVP 31/100
2023-09-27 15:24:27,819 criticalfinder 0/4 INFO :: Solving Local EVP 32/100
2023-09-27 15:24:28,001 criticalfinder 0/4 INFO :: Solving Local EVP 33/100
2023-09-27 15:24:28,166 criticalfinder 0/4 INFO :: Solving Local EVP 34/100
2023-09-27 15:24:28,350 criticalfinder 0/4 INFO :: Solving Local EVP 35/100
2023-09-27 15:24:28,511 criticalfinder 0/4 INFO :: Solving Local EVP 36/100
2023-09-27 15:24:28,676 criticalfinder 0/4 INFO :: Solving Local EVP 37/100
2023-09-27 15:24:28,835 criticalfinder 0/4 INFO :: Solving Local EVP 38/100
2023-09-27 15:24:29,005 criticalfinder 0/4 INFO :: Solving Local EVP 39/100
2023-09-27 15:24:29,192 criticalfinder 0/4 INFO :: Solving Local EVP 40/100
2023-09-27 15:24:29,385 criticalfinder 0/4 INFO :: Solving Local EVP 41/100
2023-09-27 15:24:29,581 criticalfinder 0/4 INFO :: Solving Local EVP 42/100
2023-09-27 15:24:29,744 criticalfinder 0/4 INFO :: Solving Local EVP 43/100
2023-09-27 15:24:29,910 criticalfinder 0/4 INFO :: Solving Local EVP 44/100
2023-09-27 15:24:30,071 criticalfinder 0/4 INFO :: Solving Local EVP 45/100
2023-09-27 15:24:30,239 criticalfinder 0/4 INFO :: Solving Local EVP 46/100
2023-09-27 15:24:30,446 criticalfinder 0/4 INFO :: Solving Local EVP 47/100
2023-09-27 15:24:30,629 criticalfinder 0/4 INFO :: Solving Local EVP 48/100
2023-09-27 15:24:30,794 criticalfinder 0/4 INFO :: Solving Local EVP 49/100
2023-09-27 15:24:30,955 criticalfinder 0/4 INFO :: Solving Local EVP 50/100
2023-09-27 15:24:31,123 criticalfinder 0/4 INFO :: Solving Local EVP 51/100
2023-09-27 15:24:31,298 criticalfinder 0/4 INFO :: Solving Local EVP 52/100
2023-09-27 15:24:31,488 criticalfinder 0/4 INFO :: Solving Local EVP 53/100
2023-09-27 15:24:31,652 criticalfinder 0/4 INFO :: Solving Local EVP 54/100
2023-09-27 15:24:31,836 criticalfinder 0/4 INFO :: Solving Local EVP 55/100
2023-09-27 15:24:32,005 criticalfinder 0/4 INFO :: Solving Local EVP 56/100
2023-09-27 15:24:32,176 criticalfinder 0/4 INFO :: Solving Local EVP 57/100
2023-09-27 15:24:32,341 criticalfinder 0/4 INFO :: Solving Local EVP 58/100
2023-09-27 15:24:32,509 criticalfinder 0/4 INFO :: Solving Local EVP 59/100
2023-09-27 15:24:32,683 criticalfinder 0/4 INFO :: Solving Local EVP 60/100
2023-09-27 15:24:32,864 criticalfinder 0/4 INFO :: Solving Local EVP 61/100
2023-09-27 15:24:33,056 criticalfinder 0/4 INFO :: Solving Local EVP 62/100
2023-09-27 15:24:33,226 criticalfinder 0/4 INFO :: Solving Local EVP 63/100
2023-09-27 15:24:33,398 criticalfinder 0/4 INFO :: Solving Local EVP 64/100
2023-09-27 15:24:33,562 criticalfinder 0/4 INFO :: Solving Local EVP 65/100
2023-09-27 15:24:33,747 criticalfinder 0/4 INFO :: Solving Local EVP 66/100
2023-09-27 15:24:33,945 criticalfinder 0/4 INFO :: Solving Local EVP 67/100
2023-09-27 15:24:34,129 criticalfinder 0/4 INFO :: Solving Local EVP 68/100
2023-09-27 15:24:34,307 criticalfinder 0/4 INFO :: Solving Local EVP 69/100
2023-09-27 15:24:34,473 criticalfinder 0/4 INFO :: Solving Local EVP 70/100
2023-09-27 15:24:34,640 criticalfinder 0/4 INFO :: Solving Local EVP 71/100
2023-09-27 15:24:34,801 criticalfinder 0/4 INFO :: Solving Local EVP 72/100
2023-09-27 15:24:34,987 criticalfinder 0/4 INFO :: Solving Local EVP 73/100
2023-09-27 15:24:35,150 criticalfinder 0/4 INFO :: Solving Local EVP 74/100
2023-09-27 15:24:35,333 criticalfinder 0/4 INFO :: Solving Local EVP 75/100
2023-09-27 15:24:35,498 criticalfinder 0/4 INFO :: Solving Local EVP 76/100
2023-09-27 15:24:35,682 criticalfinder 0/4 INFO :: Solving Local EVP 77/100
2023-09-27 15:24:35,847 criticalfinder 0/4 INFO :: Solving Local EVP 78/100
2023-09-27 15:24:36,013 criticalfinder 0/4 INFO :: Solving Local EVP 79/100
2023-09-27 15:24:36,185 criticalfinder 0/4 INFO :: Solving Local EVP 80/100
2023-09-27 15:24:36,369 criticalfinder 0/4 INFO :: Solving Local EVP 81/100
2023-09-27 15:24:36,552 criticalfinder 0/4 INFO :: Solving Local EVP 82/100
2023-09-27 15:24:36,715 criticalfinder 0/4 INFO :: Solving Local EVP 83/100
2023-09-27 15:24:36,877 criticalfinder 0/4 INFO :: Solving Local EVP 84/100
2023-09-27 15:24:37,044 criticalfinder 0/4 INFO :: Solving Local EVP 85/100
2023-09-27 15:24:37,226 criticalfinder 0/4 INFO :: Solving Local EVP 86/100
2023-09-27 15:24:37,417 criticalfinder 0/4 INFO :: Solving Local EVP 87/100
2023-09-27 15:24:37,606 criticalfinder 0/4 INFO :: Solving Local EVP 88/100
2023-09-27 15:24:37,783 criticalfinder 0/4 INFO :: Solving Local EVP 89/100
2023-09-27 15:24:37,953 criticalfinder 0/4 INFO :: Solving Local EVP 90/100
2023-09-27 15:24:38,129 criticalfinder 0/4 INFO :: Solving Local EVP 91/100
2023-09-27 15:24:38,297 criticalfinder 0/4 INFO :: Solving Local EVP 92/100
2023-09-27 15:24:38,486 criticalfinder 0/4 INFO :: Solving Local EVP 93/100
2023-09-27 15:24:38,659 criticalfinder 0/4 INFO :: Solving Local EVP 94/100
2023-09-27 15:24:38,855 criticalfinder 0/4 INFO :: Solving Local EVP 95/100
2023-09-27 15:24:39,020 criticalfinder 0/4 INFO :: Solving Local EVP 96/100
2023-09-27 15:24:39,198 criticalfinder 0/4 INFO :: Solving Local EVP 97/100
2023-09-27 15:24:39,367 criticalfinder 0/4 INFO :: Solving Local EVP 98/100
2023-09-27 15:24:39,543 criticalfinder 0/4 INFO :: Solving Local EVP 99/100
2023-09-27 15:24:39,722 criticalfinder 0/4 INFO :: Solving Local EVP 100/100
crits =  (3.116317433980821, 1707.7645869089156, 0.0)
2023-09-27 15:24:39,965 __main__ 0/4 INFO :: Pr = 1.000000e+03: Critical RaT = 1707.76, kx = 3.11632
############################################################################# 
